Unity Editor version:    2020.3.18f1 (a7d1c678663c)
Branch:                  2020.3/staging
Build type:              Release
Batch mode:              YES
macOS version:           Version 11.2.1 (Build 20D74)
Darwin version:          20.3.0
Architecture:            x86_64
Running under Rosetta:   NO
Available memory:        8192 MB
Using pre-set license
Pro License: NO

COMMAND LINE ARGUMENTS:
/Users/game12/Desktop/2020.3.18f1/Unity.app/Contents/MacOS/Unity
-adb2
-batchMode
-noUpm
-name
AssetImportWorker0
-projectPath
/private/var/folders/_x/_8kq15pj31n1c5q_pc3ltzhh0000gt/T/772ea9bee5a104f7ab70ae9113c5039d
-logFile
Logs/AssetImportWorker0.log
-srvPort
58847
Successfully changed project path to: /private/var/folders/_x/_8kq15pj31n1c5q_pc3ltzhh0000gt/T/772ea9bee5a104f7ab70ae9113c5039d
/private/var/folders/_x/_8kq15pj31n1c5q_pc3ltzhh0000gt/T/772ea9bee5a104f7ab70ae9113c5039d
Using Asset Import Pipeline V2.
Refreshing native plugins compatible for Editor in 38.90 ms, found 3 plugins.
Preloading 0 native plugins for Editor in 0.00 ms.
Initialize engine version: 2020.3.18f1 (a7d1c678663c)
[Subsystems] Discovering subsystems at path /Users/game12/Desktop/2020.3.18f1/Unity.app/Contents/Resources/UnitySubsystems
[Subsystems] Discovering subsystems at path /private/var/folders/_x/_8kq15pj31n1c5q_pc3ltzhh0000gt/T/772ea9bee5a104f7ab70ae9113c5039d/Assets
GfxDevice: creating device client; threaded=0
2021-10-06 08:38:18.463 Unity[9996:410190] iMac preferred device: AMD Radeon Pro 5300 (high power)
2021-10-06 08:38:18.463 Unity[9996:410190] Metal devices available: 1
2021-10-06 08:38:18.463 Unity[9996:410190] 0: AMD Radeon Pro 5300 (high power)
2021-10-06 08:38:18.463 Unity[9996:410190] Using device AMD Radeon Pro 5300 (high power)
Initializing Metal device caps: AMD Radeon Pro 5300
Initialize mono
Mono path[0] = '/Users/game12/Desktop/2020.3.18f1/Unity.app/Contents/Managed'
Mono path[1] = '/Users/game12/Desktop/2020.3.18f1/Unity.app/Contents/MonoBleedingEdge/lib/mono/unityjit'
Mono config path = '/Users/game12/Desktop/2020.3.18f1/Unity.app/Contents/MonoBleedingEdge/etc'
Using monoOptions --debugger-agent=transport=dt_socket,embedding=1,server=y,suspend=n,address=127.0.0.1:56996
Begin MonoManager ReloadAssembly
Registering precompiled unity dll's ...
Register platform support module: /Users/game12/Desktop/2020.3.18f1/PlaybackEngines/WebGLSupport/UnityEditor.WebGL.Extensions.dll
Register platform support module: /Users/game12/Desktop/2020.3.18f1/Unity.app/Contents/PlaybackEngines/MacStandaloneSupport/UnityEditor.OSXStandalone.Extensions.dll
Registered in 0.000616 seconds.
Native extension for OSXStandalone target not found
Native extension for WebGL target not found
Refreshing native plugins compatible for Editor in 33.51 ms, found 3 plugins.
Preloading 0 native plugins for Editor in 0.00 ms.
Mono: successfully reloaded assembly
- Completed reload, in  1.944 seconds
Domain Reload Profiling:
	ReloadAssembly (1944ms)
		BeginReloadAssembly (39ms)
			ExecutionOrderSort (0ms)
			DisableScriptedObjects (0ms)
			BackupInstance (0ms)
			ReleaseScriptingObjects (0ms)
			CreateAndSetChildDomain (1ms)
		EndReloadAssembly (422ms)
			LoadAssemblies (40ms)
			RebuildTransferFunctionScriptingTraits (0ms)
			SetupTypeCache (171ms)
			ReleaseScriptCaches (0ms)
			RebuildScriptCaches (36ms)
			SetupLoadedEditorAssemblies (167ms)
				LogAssemblyErrors (0ms)
				InitializePlatformSupportModulesInManaged (4ms)
				SetLoadedEditorAssemblies (0ms)
				RefreshPlugins (34ms)
				BeforeProcessingInitializeOnLoad (7ms)
				ProcessInitializeOnLoadAttributes (92ms)
				ProcessInitializeOnLoadMethodAttributes (30ms)
				AfterProcessingInitializeOnLoad (0ms)
				EditorAssembliesLoaded (0ms)
			ExecutionOrderSort2 (0ms)
			AwakeInstancesAfterBackupRestoration (0ms)
Platform modules already initialized, skipping
Registering precompiled user dll's ...
Registered in 0.001383 seconds.
Begin MonoManager ReloadAssembly
Native extension for OSXStandalone target not found
Native extension for WebGL target not found
Refreshing native plugins compatible for Editor in 35.77 ms, found 3 plugins.
Preloading 0 native plugins for Editor in 0.00 ms.
Mono: successfully reloaded assembly
- Completed reload, in  1.097 seconds
Domain Reload Profiling:
	ReloadAssembly (1098ms)
		BeginReloadAssembly (156ms)
			ExecutionOrderSort (0ms)
			DisableScriptedObjects (9ms)
			BackupInstance (0ms)
			ReleaseScriptingObjects (0ms)
			CreateAndSetChildDomain (29ms)
		EndReloadAssembly (881ms)
			LoadAssemblies (74ms)
			RebuildTransferFunctionScriptingTraits (0ms)
			SetupTypeCache (321ms)
			ReleaseScriptCaches (0ms)
			RebuildScriptCaches (53ms)
			SetupLoadedEditorAssemblies (310ms)
				LogAssemblyErrors (0ms)
				InitializePlatformSupportModulesInManaged (4ms)
				SetLoadedEditorAssemblies (0ms)
				RefreshPlugins (36ms)
				BeforeProcessingInitializeOnLoad (55ms)
				ProcessInitializeOnLoadAttributes (202ms)
				ProcessInitializeOnLoadMethodAttributes (11ms)
				AfterProcessingInitializeOnLoad (1ms)
				EditorAssembliesLoaded (0ms)
			ExecutionOrderSort2 (0ms)
			AwakeInstancesAfterBackupRestoration (6ms)
Platform modules already initialized, skipping
Validating Project structure ... 0.001357 seconds.
Shader import version has changed; will reimport all shaders...
Upgrading shader files ...0.001192 seconds.
Application.AssetDatabase Initial Script Refresh Start
RefreshInfo: InitialScriptRefreshV2(NoUpdateAssetOptions) scanfilter:  ... 1 filters
RefreshProfiler: Total: 0.000ms
Application.AssetDatabase Initial Script Refresh End
Application.AssetDatabase.Refresh Start
Application.AssetDatabase.Refresh End
RefreshInfo: StopAssetImportingV2(ForceSynchronousImport) scanfilter: 
RefreshProfiler: Total: 0.000ms
Launching external process: /Users/game12/Desktop/2020.3.18f1/Unity.app/Contents/Tools/UnityShaderCompiler
Launched and connected shader compiler UnityShaderCompiler after 0.01 seconds
Initializing Unity extensions:
========================================================================
Worker process is ready to serve import requests
Refreshing native plugins compatible for Editor in 0.32 ms, found 3 plugins.
Preloading 0 native plugins for Editor in 0.00 ms.
Unloading 2090 Unused Serialized files (Serialized files now loaded: 0)
System memory in use before: 195.0 MB.
System memory in use after: 194.2 MB.

Unloading 99 unused Assets to reduce memory usage. Loaded Objects now: 2570.
Total: 3.088951 ms (FindLiveObjects: 0.188556 ms CreateObjectMapping: 0.061068 ms MarkObjects: 2.391308 ms  DeleteObjects: 0.447277 ms)

AssetImportParameters requested are different than current active one (requested -> active):
  custom:video-decoder-ogg-theora: a1e56fd34408186e4bbccfd4996cb3dc -> 
  custom:container-muxer-webm: aa71ff27fc2769a1b78a27578f13a17b -> 
  custom:container-demuxer-webm: 4f35f7cbe854078d1ac9338744f61a02 -> 
  custom:container-demuxer-ogg: 62fdf1f143b41e24485cea50d1cbac27 -> 
  custom:video-encoder-webm-vp8: eb34c28f22e8b96e1ab97ce403110664 -> 
  custom:framework-osx-AVFoundation: e770b220cccbd017edd2c1fefb359320 -> 
  custom:video-decoder-webm-vp8: 9c59270c3fd7afecdb556c50c9e8de78 -> 
  custom:audio-decoder-ogg-vorbis: bf7c407c2cedff20999df2af8eb42d56 -> 
  custom:audio-encoder-webm-vorbis: bf7c407c2cedff20999df2af8eb42d56 -> 
========================================================================
Received Import Request.
  path: Assets/Demo
  artifactKey: Guid(3585bb87d30eb48439c7bd3862283f09) Importer(815301076,1909f56bfc062723c751e8b465ee728b)
Start importing Assets/Demo using Guid(3585bb87d30eb48439c7bd3862283f09) Importer(815301076,1909f56bfc062723c751e8b465ee728b)  -> (artifact id: '1d768a862d8c65f7829a215836c14186') in 0.003382 seconds 
  Import took 0.005814 seconds .

========================================================================
Received Import Request.
  Time since last request: 0.000150 seconds.
  path: Assets/Demo/DemoScene.unity
  artifactKey: Guid(e743c1bf0a2c81e4391939f774e84da7) Importer(815301076,1909f56bfc062723c751e8b465ee728b)
Start importing Assets/Demo/DemoScene.unity using Guid(e743c1bf0a2c81e4391939f774e84da7) Importer(815301076,1909f56bfc062723c751e8b465ee728b)  -> (artifact id: 'fdcb839391e8a996abd7939a8260f934') in 0.006975 seconds 
  Import took 0.009541 seconds .

========================================================================
Received Import Request.
  Time since last request: 321.419695 seconds.
  path: Assets/Scenes/SampleScene.unity
  artifactKey: Guid(2cda990e2423bbf4892e6590ba056729) Importer(815301076,1909f56bfc062723c751e8b465ee728b)
Start importing Assets/Scenes/SampleScene.unity using Guid(2cda990e2423bbf4892e6590ba056729) Importer(815301076,1909f56bfc062723c751e8b465ee728b)  -> (artifact id: 'aa27944bdea339c97c39027c7eea529c') in 0.000979 seconds 
  Import took 0.003826 seconds .

========================================================================
Received Import Request.
  Time since last request: 275.919062 seconds.
  path: Assets/Audio/2D MUSIC LOOP.wav
  artifactKey: Guid(e406c04157c663a43b859646b7ad3c2a) Importer(815301076,1909f56bfc062723c751e8b465ee728b)
Start importing Assets/Audio/2D MUSIC LOOP.wav using Guid(e406c04157c663a43b859646b7ad3c2a) Importer(815301076,1909f56bfc062723c751e8b465ee728b)  -> (artifact id: '23c27d7ed664b736eaf33042df59c0c3') in 1.054662 seconds 
  Import took 1.057653 seconds .

========================================================================
Received Import Request.
  Time since last request: 0.003662 seconds.
  path: Assets/Audio/Hit for enemy 2.wav
  artifactKey: Guid(709a835b61b848644946696fdd5e5a4d) Importer(815301076,1909f56bfc062723c751e8b465ee728b)
Start importing Assets/Audio/Hit for enemy 2.wav using Guid(709a835b61b848644946696fdd5e5a4d) Importer(815301076,1909f56bfc062723c751e8b465ee728b)  -> (artifact id: 'df468afb281b2c7431e8c7e1c5928497') in 0.009712 seconds 
  Import took 0.012723 seconds .

========================================================================
Received Import Request.
  Time since last request: 0.000181 seconds.
  path: Assets/Audio/Hit for enemy 1.wav
  artifactKey: Guid(ae904c7305df7344d86b2092c0cb3a26) Importer(815301076,1909f56bfc062723c751e8b465ee728b)
Start importing Assets/Audio/Hit for enemy 1.wav using Guid(ae904c7305df7344d86b2092c0cb3a26) Importer(815301076,1909f56bfc062723c751e8b465ee728b)  -> (artifact id: 'fa18c7777b8bbfeb76f7933601a38803') in 0.006836 seconds 
  Import took 0.009386 seconds .

========================================================================
Received Import Request.
  Time since last request: 0.000179 seconds.
  path: Assets/Audio/Footsteps2a.wav
  artifactKey: Guid(a20c77ecd5de9eb4a98731b45ad84c3e) Importer(815301076,1909f56bfc062723c751e8b465ee728b)
Start importing Assets/Audio/Footsteps2a.wav using Guid(a20c77ecd5de9eb4a98731b45ad84c3e) Importer(815301076,1909f56bfc062723c751e8b465ee728b)  -> (artifact id: 'ec4114c08ca62f0438743a345ad6a802') in 0.006858 seconds 
  Import took 0.009367 seconds .

========================================================================
Received Import Request.
  Time since last request: 0.000177 seconds.
  path: Assets/Audio/Collectable.wav
  artifactKey: Guid(af5f8b64e3f58f24c87ff8f789b04f6c) Importer(815301076,1909f56bfc062723c751e8b465ee728b)
Start importing Assets/Audio/Collectable.wav using Guid(af5f8b64e3f58f24c87ff8f789b04f6c) Importer(815301076,1909f56bfc062723c751e8b465ee728b)  -> (artifact id: '3abd4a3a1420aed3e75af57228a9bf48') in 0.006717 seconds 
  Import took 0.009239 seconds .

========================================================================
Received Import Request.
  Time since last request: 0.000189 seconds.
  path: Assets/Audio/Robot Fixed.wav
  artifactKey: Guid(e7fa1971a86d60945bb64585c0ac14d5) Importer(815301076,1909f56bfc062723c751e8b465ee728b)
Start importing Assets/Audio/Robot Fixed.wav using Guid(e7fa1971a86d60945bb64585c0ac14d5) Importer(815301076,1909f56bfc062723c751e8b465ee728b)  -> (artifact id: '3b4e2c4e23c37d648b38c25525007c37') in 0.006556 seconds 
  Import took 0.009280 seconds .

========================================================================
Received Import Request.
  Time since last request: 0.000164 seconds.
  path: Assets/Audio/Player Hit.wav
  artifactKey: Guid(9b1bb1f450b7d444fa4a8019d13519a7) Importer(815301076,1909f56bfc062723c751e8b465ee728b)
Start importing Assets/Audio/Player Hit.wav using Guid(9b1bb1f450b7d444fa4a8019d13519a7) Importer(815301076,1909f56bfc062723c751e8b465ee728b)  -> (artifact id: 'a6f7d908a20d3017d93fe717b6b2c877') in 0.006972 seconds 
  Import took 0.009535 seconds .

========================================================================
Received Import Request.
  Time since last request: 0.000198 seconds.
  path: Assets/Audio/Quest Complete.wav
  artifactKey: Guid(f987bfc0b774d3f4e82dc47e91f78584) Importer(815301076,1909f56bfc062723c751e8b465ee728b)
Start importing Assets/Audio/Quest Complete.wav using Guid(f987bfc0b774d3f4e82dc47e91f78584) Importer(815301076,1909f56bfc062723c751e8b465ee728b)  -> (artifact id: 'f9fa243e71a7814b7efb810b3fc68fef') in 0.007542 seconds 
  Import took 0.010119 seconds .

========================================================================
Received Import Request.
  Time since last request: 0.000164 seconds.
  path: Assets/Audio/Robot Walking_Broken.wav
  artifactKey: Guid(6bfbad8ffdf387d4e87e8fa07b62f7c1) Importer(815301076,1909f56bfc062723c751e8b465ee728b)
Start importing Assets/Audio/Robot Walking_Broken.wav using Guid(6bfbad8ffdf387d4e87e8fa07b62f7c1) Importer(815301076,1909f56bfc062723c751e8b465ee728b)  -> (artifact id: 'f00bccf5154d3836114c113f5e78bb8f') in 0.007612 seconds 
  Import took 0.010439 seconds .

========================================================================
Received Import Request.
  Time since last request: 0.000170 seconds.
  path: Assets/Audio/Throw Cog.wav
  artifactKey: Guid(b2edfd40873655249ba0e01a5cf705be) Importer(815301076,1909f56bfc062723c751e8b465ee728b)
Start importing Assets/Audio/Throw Cog.wav using Guid(b2edfd40873655249ba0e01a5cf705be) Importer(815301076,1909f56bfc062723c751e8b465ee728b)  -> (artifact id: 'dd1f5241ca439e3f19d0da89e1992dda') in 0.007250 seconds 
  Import took 0.010151 seconds .

========================================================================
Received Import Request.
  Time since last request: 358.254780 seconds.
  path: Assets/Art/Sprites
  artifactKey: Guid(393943900ba2b6c4cb80f5e4a5d0806c) Importer(815301076,1909f56bfc062723c751e8b465ee728b)
Start importing Assets/Art/Sprites using Guid(393943900ba2b6c4cb80f5e4a5d0806c) Importer(815301076,1909f56bfc062723c751e8b465ee728b)  -> (artifact id: '0e1aba6cdf6850f5b85ae83ca3c754bf') in 0.000753 seconds 
  Import took 0.003599 seconds .

========================================================================
Received Import Request.
  Time since last request: 3.378524 seconds.
  path: Assets/Art/Sprites/Characters
  artifactKey: Guid(ff0aa22beee37e947b64088c003dfa20) Importer(815301076,1909f56bfc062723c751e8b465ee728b)
Start importing Assets/Art/Sprites/Characters using Guid(ff0aa22beee37e947b64088c003dfa20) Importer(815301076,1909f56bfc062723c751e8b465ee728b)  -> (artifact id: '0cee3beee5f5c2ae13062d53506489a2') in 0.000829 seconds 
  Import took 0.003989 seconds .

========================================================================
Received Import Request.
  Time since last request: 1.469763 seconds.
  path: Assets/Art/Sprites/Characters/JambiSheet.png
  artifactKey: Guid(255841382d607e24a8317d9ab167f414) Importer(815301076,1909f56bfc062723c751e8b465ee728b)
Start importing Assets/Art/Sprites/Characters/JambiSheet.png using Guid(255841382d607e24a8317d9ab167f414) Importer(815301076,1909f56bfc062723c751e8b465ee728b)  -> (artifact id: 'f7cd0f81c2b10ad7aaac8e4bc2181014') in 0.840379 seconds 
  Import took 0.844451 seconds .

========================================================================
Received Import Request.
  Time since last request: 0.004316 seconds.
  path: Assets/Art/Sprites/Characters/RubySheet.png
  artifactKey: Guid(c1dbff5bcb29cdd4bbb8de3a29f2328c) Importer(815301076,1909f56bfc062723c751e8b465ee728b)
Start importing Assets/Art/Sprites/Characters/RubySheet.png using Guid(c1dbff5bcb29cdd4bbb8de3a29f2328c) Importer(815301076,1909f56bfc062723c751e8b465ee728b)  -> (artifact id: '551fd38a060bc8fd8024bee56b9e3b1e') in 0.079232 seconds 
  Import took 0.082288 seconds .

========================================================================
Received Import Request.
  Time since last request: 0.000157 seconds.
  path: Assets/Art/Sprites/Characters/MrClockworkSheet.png
  artifactKey: Guid(651c4abeb0812e74685da0e5a31c8dff) Importer(815301076,1909f56bfc062723c751e8b465ee728b)
Start importing Assets/Art/Sprites/Characters/MrClockworkSheet.png using Guid(651c4abeb0812e74685da0e5a31c8dff) Importer(815301076,1909f56bfc062723c751e8b465ee728b)  -> (artifact id: '78edbdb5c1578b53e4027b84f87e1339') in 0.064401 seconds 
  Import took 0.067211 seconds .

========================================================================
Received Import Request.
  Time since last request: 12.914261 seconds.
  path: Assets/Art/Sprites/Characters/Ruby.png
  artifactKey: Guid(0c0318617bce94ae5ade7f1b544d5d36) Importer(815301076,1909f56bfc062723c751e8b465ee728b)
Start importing Assets/Art/Sprites/Characters/Ruby.png using Guid(0c0318617bce94ae5ade7f1b544d5d36) Importer(815301076,1909f56bfc062723c751e8b465ee728b)  -> (artifact id: '332f132a84a6f777cc24582e7f9ba589') in 0.006729 seconds 
  Import took 0.009917 seconds .

========================================================================
Received Import Request.
  Time since last request: 0.003581 seconds.
  path: Assets/Art/Sprites/Characters/Ruby.png
  artifactKey: Guid(0c0318617bce94ae5ade7f1b544d5d36) Importer(815301076,1909f56bfc062723c751e8b465ee728b)
Start importing Assets/Art/Sprites/Characters/Ruby.png using Guid(0c0318617bce94ae5ade7f1b544d5d36) Importer(815301076,1909f56bfc062723c751e8b465ee728b)  -> (artifact id: '332f132a84a6f777cc24582e7f9ba589') in 0.006074 seconds 
  Import took 0.008854 seconds .

